"blank"			"=========================="
"blank"			"#MSS_Movement_Title"
"blank"			"=========================="
"+forward"				"#MSS_Forward"
"+back"					"#MSS_Back"
"+moveleft"				"#MSS_Left"
"+moveright"			"#MSS_Right"
"+speed"             	"#MSS_Run"
"+jump"					"#MSS_Jump"
"+duck"					"#MSS_Duck"
"blank"			"=========================="
"blank"			"#MSS_Combat_Title"
"blank"			"=========================="
"+attack"				"#MSS_Attack"
"dropweapon"			"#MSS_ThrowWeapon"
"blank"			"=========================="
"blank"			"#MSS_Misc_Title"
"blank"			"=========================="
"+use"					"#MSS_Use"
"mainmenu"				"#MSS_Menu"
"charselect"			"#MSS_CharMenu"
"messagemode"			"#MSS_Chat"
"jpeg"					"#MSS_Screenshot"
"toggleconsole"			"#MSS_Console"
"quit"					"#MSS_Quit"